<?xml version="1.0" encoding="UTF-8"?>
<testng-results ignored="0" total="1" passed="1" failed="0" skipped="0">
  <reporter-output>
  </reporter-output>
  <suite started-at="2021-06-09T17:05:43 IST" name="Default suite" finished-at="2021-06-09T17:07:29 IST" duration-ms="105767">
    <groups>
    </groups>
    <test started-at="2021-06-09T17:05:43 IST" name="Default test" finished-at="2021-06-09T17:07:29 IST" duration-ms="105767">
      <class name="flipkart_test.Flipkart_Test">
        <test-method signature="f()[pri:0, instance:flipkart_test.Flipkart_Test@2d7275fc]" started-at="2021-06-09T17:05:43 IST" name="f" finished-at="2021-06-09T17:07:28 IST" duration-ms="105245" status="PASS">
          <reporter-output>
          </reporter-output>
        </test-method> <!-- f -->
      </class> <!-- flipkart_test.Flipkart_Test -->
    </test> <!-- Default test -->
  </suite> <!-- Default suite -->
</testng-results>
